The target system is: Generic -  - 
The host system is: Linux - 5.13.0-41-generic - x86_64
Compiling the C compiler identification source file "CMakeCCompilerId.c" succeeded.
Compiler: /opt/esp/xtensa-lx106-elf/bin/xtensa-lx106-elf-gcc 
Build flags: -mlongcalls;-Wno-frame-address
Id flags:  

The output was:
0


Compilation of the C compiler identification source "CMakeCCompilerId.c" produced "a.out"

The C compiler identification is GNU, found in "/home/diego/code/e-printed-exam/build/CMakeFiles/3.16.3/CompilerIdC/a.out"

Compiling the CXX compiler identification source file "CMakeCXXCompilerId.cpp" succeeded.
Compiler: /opt/esp/xtensa-lx106-elf/bin/xtensa-lx106-elf-g++ 
Build flags: -mlongcalls;-Wno-frame-address
Id flags:  

The output was:
0


Compilation of the CXX compiler identification source "CMakeCXXCompilerId.cpp" produced "a.out"

The CXX compiler identification is GNU, found in "/home/diego/code/e-printed-exam/build/CMakeFiles/3.16.3/CompilerIdCXX/a.out"

Checking whether the ASM compiler is GNU using "--version" matched "(GNU assembler)|(GCC)|(Free Software Foundation)":
xtensa-lx106-elf-gcc (crosstool-NG esp-2020r3-49-gd5524c1) 8.4.0
Copyright (C) 2018 Free Software Foundation, Inc.
This is free software; see the source for copying conditions.  There is NO
warranty; not even for MERCHANTABILITY or FITNESS FOR A PARTICULAR PURPOSE.

Determining if the C compiler works passed with the following output:
Change Dir: /home/diego/code/e-printed-exam/build/CMakeFiles/CMakeTmp

Run Build Command(s):/usr/bin/make cmTC_78446/fast && /usr/bin/make -f CMakeFiles/cmTC_78446.dir/build.make CMakeFiles/cmTC_78446.dir/build
make[1]: Entering directory '/home/diego/code/e-printed-exam/build/CMakeFiles/CMakeTmp'
Building C object CMakeFiles/cmTC_78446.dir/testCCompiler.c.obj
/opt/esp/xtensa-lx106-elf/bin/xtensa-lx106-elf-gcc   -mlongcalls -Wno-frame-address    -o CMakeFiles/cmTC_78446.dir/testCCompiler.c.obj   -c /home/diego/code/e-printed-exam/build/CMakeFiles/CMakeTmp/testCCompiler.c
Linking C executable cmTC_78446
/usr/bin/cmake -E cmake_link_script CMakeFiles/cmTC_78446.dir/link.txt --verbose=1
/opt/esp/xtensa-lx106-elf/bin/xtensa-lx106-elf-gcc -mlongcalls -Wno-frame-address   -nostdlib -Wl,--gc-sections  CMakeFiles/cmTC_78446.dir/testCCompiler.c.obj  -o cmTC_78446 
/opt/esp/xtensa-lx106-elf/bin/../lib/gcc/xtensa-lx106-elf/8.4.0/../../../../xtensa-lx106-elf/bin/ld: warning: cannot find entry symbol _start; not setting start address
make[1]: Leaving directory '/home/diego/code/e-printed-exam/build/CMakeFiles/CMakeTmp'



Detecting C compiler ABI info compiled with the following output:
Change Dir: /home/diego/code/e-printed-exam/build/CMakeFiles/CMakeTmp

Run Build Command(s):/usr/bin/make cmTC_2e7cd/fast && /usr/bin/make -f CMakeFiles/cmTC_2e7cd.dir/build.make CMakeFiles/cmTC_2e7cd.dir/build
make[1]: Entering directory '/home/diego/code/e-printed-exam/build/CMakeFiles/CMakeTmp'
Building C object CMakeFiles/cmTC_2e7cd.dir/CMakeCCompilerABI.c.obj
/opt/esp/xtensa-lx106-elf/bin/xtensa-lx106-elf-gcc   -mlongcalls -Wno-frame-address    -v -o CMakeFiles/cmTC_2e7cd.dir/CMakeCCompilerABI.c.obj   -c /usr/share/cmake-3.16/Modules/CMakeCCompilerABI.c
Using built-in specs.
COLLECT_GCC=/opt/esp/xtensa-lx106-elf/bin/xtensa-lx106-elf-gcc
Target: xtensa-lx106-elf
Configured with: /builds/idf/crosstool-NG/.build/xtensa-lx106-elf/src/gcc/configure --build=x86_64-build_pc-linux-gnu --host=x86_64-build_pc-linux-gnu --target=xtensa-lx106-elf --prefix=/builds/idf/crosstool-NG/builds/xtensa-lx106-elf --with-local-prefix=/builds/idf/crosstool-NG/builds/xtensa-lx106-elf/xtensa-lx106-elf --with-headers=/builds/idf/crosstool-NG/builds/xtensa-lx106-elf/xtensa-lx106-elf/include --with-newlib --enable-threads=no --disable-shared --with-pkgversion='crosstool-NG esp-2020r3-49-gd5524c1' --disable-__cxa_atexit --enable-cxx-flags=-ffunction-sections --disable-libgomp --disable-libmudflap --disable-libmpx --disable-libssp --disable-libquadmath --disable-libquadmath-support --with-gmp=/builds/idf/crosstool-NG/.build/xtensa-lx106-elf/buildtools --with-mpfr=/builds/idf/crosstool-NG/.build/xtensa-lx106-elf/buildtools --with-mpc=/builds/idf/crosstool-NG/.build/xtensa-lx106-elf/buildtools --with-isl=/builds/idf/crosstool-NG/.build/xtensa-lx106-elf/buildtools --enable-lto --enable-target-optspace --without-long-double-128 --disable-nls --enable-multiarch --enable-languages=c,c++ --disable-libstdcxx-verbose --enable-threads=posix --enable-libstdcxx-time=yes
Thread model: posix
gcc version 8.4.0 (crosstool-NG esp-2020r3-49-gd5524c1) 
COLLECT_GCC_OPTIONS='-mlongcalls' '-Wno-frame-address' '-v' '-o' 'CMakeFiles/cmTC_2e7cd.dir/CMakeCCompilerABI.c.obj' '-c'
 /opt/esp/xtensa-lx106-elf/bin/../libexec/gcc/xtensa-lx106-elf/8.4.0/cc1 -quiet -v -iprefix /opt/esp/xtensa-lx106-elf/bin/../lib/gcc/xtensa-lx106-elf/8.4.0/ /usr/share/cmake-3.16/Modules/CMakeCCompilerABI.c -quiet -dumpbase CMakeCCompilerABI.c -mlongcalls -auxbase-strip CMakeFiles/cmTC_2e7cd.dir/CMakeCCompilerABI.c.obj -Wno-frame-address -version -o /tmp/ccZCLOxL.s
GNU C17 (crosstool-NG esp-2020r3-49-gd5524c1) version 8.4.0 (xtensa-lx106-elf)
	compiled by GNU C version 4.9.2, GMP version 6.1.2, MPFR version 4.0.1, MPC version 1.1.0, isl version isl-0.19-GMP

GGC heuristics: --param ggc-min-expand=100 --param ggc-min-heapsize=131072
ignoring duplicate directory "/opt/esp/xtensa-lx106-elf/bin/../lib/gcc/../../lib/gcc/xtensa-lx106-elf/8.4.0/include"
ignoring duplicate directory "/opt/esp/xtensa-lx106-elf/bin/../lib/gcc/../../lib/gcc/xtensa-lx106-elf/8.4.0/include-fixed"
ignoring duplicate directory "/opt/esp/xtensa-lx106-elf/bin/../lib/gcc/../../lib/gcc/xtensa-lx106-elf/8.4.0/../../../../xtensa-lx106-elf/sys-include"
ignoring duplicate directory "/opt/esp/xtensa-lx106-elf/bin/../lib/gcc/../../lib/gcc/xtensa-lx106-elf/8.4.0/../../../../xtensa-lx106-elf/include"
#include "..." search starts here:
#include <...> search starts here:
 /opt/esp/xtensa-lx106-elf/bin/../lib/gcc/xtensa-lx106-elf/8.4.0/include
 /opt/esp/xtensa-lx106-elf/bin/../lib/gcc/xtensa-lx106-elf/8.4.0/include-fixed
 /opt/esp/xtensa-lx106-elf/bin/../lib/gcc/xtensa-lx106-elf/8.4.0/../../../../xtensa-lx106-elf/sys-include
 /opt/esp/xtensa-lx106-elf/bin/../lib/gcc/xtensa-lx106-elf/8.4.0/../../../../xtensa-lx106-elf/include
End of search list.
GNU C17 (crosstool-NG esp-2020r3-49-gd5524c1) version 8.4.0 (xtensa-lx106-elf)
	compiled by GNU C version 4.9.2, GMP version 6.1.2, MPFR version 4.0.1, MPC version 1.1.0, isl version isl-0.19-GMP

GGC heuristics: --param ggc-min-expand=100 --param ggc-min-heapsize=131072
Compiler executable checksum: 48e58fa3e6eb2de9fad439857fcdf42a
COLLECT_GCC_OPTIONS='-mlongcalls' '-Wno-frame-address' '-v' '-o' 'CMakeFiles/cmTC_2e7cd.dir/CMakeCCompilerABI.c.obj' '-c'
 /opt/esp/xtensa-lx106-elf/bin/../lib/gcc/xtensa-lx106-elf/8.4.0/../../../../xtensa-lx106-elf/bin/as --traditional-format --longcalls -o CMakeFiles/cmTC_2e7cd.dir/CMakeCCompilerABI.c.obj /tmp/ccZCLOxL.s
COMPILER_PATH=/opt/esp/xtensa-lx106-elf/bin/../libexec/gcc/xtensa-lx106-elf/8.4.0/:/opt/esp/xtensa-lx106-elf/bin/../libexec/gcc/:/opt/esp/xtensa-lx106-elf/bin/../lib/gcc/xtensa-lx106-elf/8.4.0/../../../../xtensa-lx106-elf/bin/
LIBRARY_PATH=/opt/esp/xtensa-lx106-elf/bin/../lib/gcc/xtensa-lx106-elf/8.4.0/:/opt/esp/xtensa-lx106-elf/bin/../lib/gcc/:/opt/esp/xtensa-lx106-elf/bin/../lib/gcc/xtensa-lx106-elf/8.4.0/../../../../xtensa-lx106-elf/lib/
COLLECT_GCC_OPTIONS='-mlongcalls' '-Wno-frame-address' '-v' '-o' 'CMakeFiles/cmTC_2e7cd.dir/CMakeCCompilerABI.c.obj' '-c'
Linking C executable cmTC_2e7cd
/usr/bin/cmake -E cmake_link_script CMakeFiles/cmTC_2e7cd.dir/link.txt --verbose=1
/opt/esp/xtensa-lx106-elf/bin/xtensa-lx106-elf-gcc -mlongcalls -Wno-frame-address   -nostdlib -Wl,--gc-sections -v CMakeFiles/cmTC_2e7cd.dir/CMakeCCompilerABI.c.obj  -o cmTC_2e7cd 
Using built-in specs.
COLLECT_GCC=/opt/esp/xtensa-lx106-elf/bin/xtensa-lx106-elf-gcc
COLLECT_LTO_WRAPPER=/opt/esp/xtensa-lx106-elf/bin/../libexec/gcc/xtensa-lx106-elf/8.4.0/lto-wrapper
Target: xtensa-lx106-elf
Configured with: /builds/idf/crosstool-NG/.build/xtensa-lx106-elf/src/gcc/configure --build=x86_64-build_pc-linux-gnu --host=x86_64-build_pc-linux-gnu --target=xtensa-lx106-elf --prefix=/builds/idf/crosstool-NG/builds/xtensa-lx106-elf --with-local-prefix=/builds/idf/crosstool-NG/builds/xtensa-lx106-elf/xtensa-lx106-elf --with-headers=/builds/idf/crosstool-NG/builds/xtensa-lx106-elf/xtensa-lx106-elf/include --with-newlib --enable-threads=no --disable-shared --with-pkgversion='crosstool-NG esp-2020r3-49-gd5524c1' --disable-__cxa_atexit --enable-cxx-flags=-ffunction-sections --disable-libgomp --disable-libmudflap --disable-libmpx --disable-libssp --disable-libquadmath --disable-libquadmath-support --with-gmp=/builds/idf/crosstool-NG/.build/xtensa-lx106-elf/buildtools --with-mpfr=/builds/idf/crosstool-NG/.build/xtensa-lx106-elf/buildtools --with-mpc=/builds/idf/crosstool-NG/.build/xtensa-lx106-elf/buildtools --with-isl=/builds/idf/crosstool-NG/.build/xtensa-lx106-elf/buildtools --enable-lto --enable-target-optspace --without-long-double-128 --disable-nls --enable-multiarch --enable-languages=c,c++ --disable-libstdcxx-verbose --enable-threads=posix --enable-libstdcxx-time=yes
Thread model: posix
gcc version 8.4.0 (crosstool-NG esp-2020r3-49-gd5524c1) 
COMPILER_PATH=/opt/esp/xtensa-lx106-elf/bin/../libexec/gcc/xtensa-lx106-elf/8.4.0/:/opt/esp/xtensa-lx106-elf/bin/../libexec/gcc/:/opt/esp/xtensa-lx106-elf/bin/../lib/gcc/xtensa-lx106-elf/8.4.0/../../../../xtensa-lx106-elf/bin/
LIBRARY_PATH=/opt/esp/xtensa-lx106-elf/bin/../lib/gcc/xtensa-lx106-elf/8.4.0/:/opt/esp/xtensa-lx106-elf/bin/../lib/gcc/:/opt/esp/xtensa-lx106-elf/bin/../lib/gcc/xtensa-lx106-elf/8.4.0/../../../../xtensa-lx106-elf/lib/
COLLECT_GCC_OPTIONS='-mlongcalls' '-Wno-frame-address' '-nostdlib' '-v' '-o' 'cmTC_2e7cd'
 /opt/esp/xtensa-lx106-elf/bin/../libexec/gcc/xtensa-lx106-elf/8.4.0/collect2 -plugin /opt/esp/xtensa-lx106-elf/bin/../libexec/gcc/xtensa-lx106-elf/8.4.0/liblto_plugin.so -plugin-opt=/opt/esp/xtensa-lx106-elf/bin/../libexec/gcc/xtensa-lx106-elf/8.4.0/lto-wrapper -plugin-opt=-fresolution=/tmp/ccgouH6f.res -o cmTC_2e7cd -L/opt/esp/xtensa-lx106-elf/bin/../lib/gcc/xtensa-lx106-elf/8.4.0 -L/opt/esp/xtensa-lx106-elf/bin/../lib/gcc -L/opt/esp/xtensa-lx106-elf/bin/../lib/gcc/xtensa-lx106-elf/8.4.0/../../../../xtensa-lx106-elf/lib --gc-sections CMakeFiles/cmTC_2e7cd.dir/CMakeCCompilerABI.c.obj
/opt/esp/xtensa-lx106-elf/bin/../lib/gcc/xtensa-lx106-elf/8.4.0/../../../../xtensa-lx106-elf/bin/ld: warning: cannot find entry symbol _start; not setting start address
COLLECT_GCC_OPTIONS='-mlongcalls' '-Wno-frame-address' '-nostdlib' '-v' '-o' 'cmTC_2e7cd'
make[1]: Leaving directory '/home/diego/code/e-printed-exam/build/CMakeFiles/CMakeTmp'



Parsed C implicit include dir info from above output: rv=done
  found start of include info
  found start of implicit include info
    add: [/opt/esp/xtensa-lx106-elf/bin/../lib/gcc/xtensa-lx106-elf/8.4.0/include]
    add: [/opt/esp/xtensa-lx106-elf/bin/../lib/gcc/xtensa-lx106-elf/8.4.0/include-fixed]
    add: [/opt/esp/xtensa-lx106-elf/bin/../lib/gcc/xtensa-lx106-elf/8.4.0/../../../../xtensa-lx106-elf/sys-include]
    add: [/opt/esp/xtensa-lx106-elf/bin/../lib/gcc/xtensa-lx106-elf/8.4.0/../../../../xtensa-lx106-elf/include]
  end of search list found
  collapse include dir [/opt/esp/xtensa-lx106-elf/bin/../lib/gcc/xtensa-lx106-elf/8.4.0/include] ==> [/opt/esp/xtensa-lx106-elf/lib/gcc/xtensa-lx106-elf/8.4.0/include]
  collapse include dir [/opt/esp/xtensa-lx106-elf/bin/../lib/gcc/xtensa-lx106-elf/8.4.0/include-fixed] ==> [/opt/esp/xtensa-lx106-elf/lib/gcc/xtensa-lx106-elf/8.4.0/include-fixed]
  collapse include dir [/opt/esp/xtensa-lx106-elf/bin/../lib/gcc/xtensa-lx106-elf/8.4.0/../../../../xtensa-lx106-elf/sys-include] ==> [/opt/esp/xtensa-lx106-elf/xtensa-lx106-elf/sys-include]
  collapse include dir [/opt/esp/xtensa-lx106-elf/bin/../lib/gcc/xtensa-lx106-elf/8.4.0/../../../../xtensa-lx106-elf/include] ==> [/opt/esp/xtensa-lx106-elf/xtensa-lx106-elf/include]
  implicit include dirs: [/opt/esp/xtensa-lx106-elf/lib/gcc/xtensa-lx106-elf/8.4.0/include;/opt/esp/xtensa-lx106-elf/lib/gcc/xtensa-lx106-elf/8.4.0/include-fixed;/opt/esp/xtensa-lx106-elf/xtensa-lx106-elf/sys-include;/opt/esp/xtensa-lx106-elf/xtensa-lx106-elf/include]


Parsed C implicit link information from above output:
  link line regex: [^( *|.*[/\])(xtensa-lx106-elf-ld|CMAKE_LINK_STARTFILE-NOTFOUND|([^/\]+-)?ld|collect2)[^/\]*( |$)]
  ignore line: [Change Dir: /home/diego/code/e-printed-exam/build/CMakeFiles/CMakeTmp]
  ignore line: []
  ignore line: [Run Build Command(s):/usr/bin/make cmTC_2e7cd/fast && /usr/bin/make -f CMakeFiles/cmTC_2e7cd.dir/build.make CMakeFiles/cmTC_2e7cd.dir/build]
  ignore line: [make[1]: Entering directory '/home/diego/code/e-printed-exam/build/CMakeFiles/CMakeTmp']
  ignore line: [Building C object CMakeFiles/cmTC_2e7cd.dir/CMakeCCompilerABI.c.obj]
  ignore line: [/opt/esp/xtensa-lx106-elf/bin/xtensa-lx106-elf-gcc   -mlongcalls -Wno-frame-address    -v -o CMakeFiles/cmTC_2e7cd.dir/CMakeCCompilerABI.c.obj   -c /usr/share/cmake-3.16/Modules/CMakeCCompilerABI.c]
  ignore line: [Using built-in specs.]
  ignore line: [COLLECT_GCC=/opt/esp/xtensa-lx106-elf/bin/xtensa-lx106-elf-gcc]
  ignore line: [Target: xtensa-lx106-elf]
  ignore line: [Configured with: /builds/idf/crosstool-NG/.build/xtensa-lx106-elf/src/gcc/configure --build=x86_64-build_pc-linux-gnu --host=x86_64-build_pc-linux-gnu --target=xtensa-lx106-elf --prefix=/builds/idf/crosstool-NG/builds/xtensa-lx106-elf --with-local-prefix=/builds/idf/crosstool-NG/builds/xtensa-lx106-elf/xtensa-lx106-elf --with-headers=/builds/idf/crosstool-NG/builds/xtensa-lx106-elf/xtensa-lx106-elf/include --with-newlib --enable-threads=no --disable-shared --with-pkgversion='crosstool-NG esp-2020r3-49-gd5524c1' --disable-__cxa_atexit --enable-cxx-flags=-ffunction-sections --disable-libgomp --disable-libmudflap --disable-libmpx --disable-libssp --disable-libquadmath --disable-libquadmath-support --with-gmp=/builds/idf/crosstool-NG/.build/xtensa-lx106-elf/buildtools --with-mpfr=/builds/idf/crosstool-NG/.build/xtensa-lx106-elf/buildtools --with-mpc=/builds/idf/crosstool-NG/.build/xtensa-lx106-elf/buildtools --with-isl=/builds/idf/crosstool-NG/.build/xtensa-lx106-elf/buildtools --enable-lto --enable-target-optspace --without-long-double-128 --disable-nls --enable-multiarch --enable-languages=c c++ --disable-libstdcxx-verbose --enable-threads=posix --enable-libstdcxx-time=yes]
  ignore line: [Thread model: posix]
  ignore line: [gcc version 8.4.0 (crosstool-NG esp-2020r3-49-gd5524c1) ]
  ignore line: [COLLECT_GCC_OPTIONS='-mlongcalls' '-Wno-frame-address' '-v' '-o' 'CMakeFiles/cmTC_2e7cd.dir/CMakeCCompilerABI.c.obj' '-c']
  ignore line: [ /opt/esp/xtensa-lx106-elf/bin/../libexec/gcc/xtensa-lx106-elf/8.4.0/cc1 -quiet -v -iprefix /opt/esp/xtensa-lx106-elf/bin/../lib/gcc/xtensa-lx106-elf/8.4.0/ /usr/share/cmake-3.16/Modules/CMakeCCompilerABI.c -quiet -dumpbase CMakeCCompilerABI.c -mlongcalls -auxbase-strip CMakeFiles/cmTC_2e7cd.dir/CMakeCCompilerABI.c.obj -Wno-frame-address -version -o /tmp/ccZCLOxL.s]
  ignore line: [GNU C17 (crosstool-NG esp-2020r3-49-gd5524c1) version 8.4.0 (xtensa-lx106-elf)]
  ignore line: [	compiled by GNU C version 4.9.2  GMP version 6.1.2  MPFR version 4.0.1  MPC version 1.1.0  isl version isl-0.19-GMP]
  ignore line: []
  ignore line: [GGC heuristics: --param ggc-min-expand=100 --param ggc-min-heapsize=131072]
  ignore line: [ignoring duplicate directory "/opt/esp/xtensa-lx106-elf/bin/../lib/gcc/../../lib/gcc/xtensa-lx106-elf/8.4.0/include"]
  ignore line: [ignoring duplicate directory "/opt/esp/xtensa-lx106-elf/bin/../lib/gcc/../../lib/gcc/xtensa-lx106-elf/8.4.0/include-fixed"]
  ignore line: [ignoring duplicate directory "/opt/esp/xtensa-lx106-elf/bin/../lib/gcc/../../lib/gcc/xtensa-lx106-elf/8.4.0/../../../../xtensa-lx106-elf/sys-include"]
  ignore line: [ignoring duplicate directory "/opt/esp/xtensa-lx106-elf/bin/../lib/gcc/../../lib/gcc/xtensa-lx106-elf/8.4.0/../../../../xtensa-lx106-elf/include"]
  ignore line: [#include "..." search starts here:]
  ignore line: [#include <...> search starts here:]
  ignore line: [ /opt/esp/xtensa-lx106-elf/bin/../lib/gcc/xtensa-lx106-elf/8.4.0/include]
  ignore line: [ /opt/esp/xtensa-lx106-elf/bin/../lib/gcc/xtensa-lx106-elf/8.4.0/include-fixed]
  ignore line: [ /opt/esp/xtensa-lx106-elf/bin/../lib/gcc/xtensa-lx106-elf/8.4.0/../../../../xtensa-lx106-elf/sys-include]
  ignore line: [ /opt/esp/xtensa-lx106-elf/bin/../lib/gcc/xtensa-lx106-elf/8.4.0/../../../../xtensa-lx106-elf/include]
  ignore line: [End of search list.]
  ignore line: [GNU C17 (crosstool-NG esp-2020r3-49-gd5524c1) version 8.4.0 (xtensa-lx106-elf)]
  ignore line: [	compiled by GNU C version 4.9.2  GMP version 6.1.2  MPFR version 4.0.1  MPC version 1.1.0  isl version isl-0.19-GMP]
  ignore line: []
  ignore line: [GGC heuristics: --param ggc-min-expand=100 --param ggc-min-heapsize=131072]
  ignore line: [Compiler executable checksum: 48e58fa3e6eb2de9fad439857fcdf42a]
  ignore line: [COLLECT_GCC_OPTIONS='-mlongcalls' '-Wno-frame-address' '-v' '-o' 'CMakeFiles/cmTC_2e7cd.dir/CMakeCCompilerABI.c.obj' '-c']
  ignore line: [ /opt/esp/xtensa-lx106-elf/bin/../lib/gcc/xtensa-lx106-elf/8.4.0/../../../../xtensa-lx106-elf/bin/as --traditional-format --longcalls -o CMakeFiles/cmTC_2e7cd.dir/CMakeCCompilerABI.c.obj /tmp/ccZCLOxL.s]
  ignore line: [COMPILER_PATH=/opt/esp/xtensa-lx106-elf/bin/../libexec/gcc/xtensa-lx106-elf/8.4.0/:/opt/esp/xtensa-lx106-elf/bin/../libexec/gcc/:/opt/esp/xtensa-lx106-elf/bin/../lib/gcc/xtensa-lx106-elf/8.4.0/../../../../xtensa-lx106-elf/bin/]
  ignore line: [LIBRARY_PATH=/opt/esp/xtensa-lx106-elf/bin/../lib/gcc/xtensa-lx106-elf/8.4.0/:/opt/esp/xtensa-lx106-elf/bin/../lib/gcc/:/opt/esp/xtensa-lx106-elf/bin/../lib/gcc/xtensa-lx106-elf/8.4.0/../../../../xtensa-lx106-elf/lib/]
  ignore line: [COLLECT_GCC_OPTIONS='-mlongcalls' '-Wno-frame-address' '-v' '-o' 'CMakeFiles/cmTC_2e7cd.dir/CMakeCCompilerABI.c.obj' '-c']
  ignore line: [Linking C executable cmTC_2e7cd]
  ignore line: [/usr/bin/cmake -E cmake_link_script CMakeFiles/cmTC_2e7cd.dir/link.txt --verbose=1]
  ignore line: [/opt/esp/xtensa-lx106-elf/bin/xtensa-lx106-elf-gcc -mlongcalls -Wno-frame-address   -nostdlib -Wl --gc-sections -v CMakeFiles/cmTC_2e7cd.dir/CMakeCCompilerABI.c.obj  -o cmTC_2e7cd ]
  ignore line: [Using built-in specs.]
  ignore line: [COLLECT_GCC=/opt/esp/xtensa-lx106-elf/bin/xtensa-lx106-elf-gcc]
  ignore line: [COLLECT_LTO_WRAPPER=/opt/esp/xtensa-lx106-elf/bin/../libexec/gcc/xtensa-lx106-elf/8.4.0/lto-wrapper]
  ignore line: [Target: xtensa-lx106-elf]
  ignore line: [Configured with: /builds/idf/crosstool-NG/.build/xtensa-lx106-elf/src/gcc/configure --build=x86_64-build_pc-linux-gnu --host=x86_64-build_pc-linux-gnu --target=xtensa-lx106-elf --prefix=/builds/idf/crosstool-NG/builds/xtensa-lx106-elf --with-local-prefix=/builds/idf/crosstool-NG/builds/xtensa-lx106-elf/xtensa-lx106-elf --with-headers=/builds/idf/crosstool-NG/builds/xtensa-lx106-elf/xtensa-lx106-elf/include --with-newlib --enable-threads=no --disable-shared --with-pkgversion='crosstool-NG esp-2020r3-49-gd5524c1' --disable-__cxa_atexit --enable-cxx-flags=-ffunction-sections --disable-libgomp --disable-libmudflap --disable-libmpx --disable-libssp --disable-libquadmath --disable-libquadmath-support --with-gmp=/builds/idf/crosstool-NG/.build/xtensa-lx106-elf/buildtools --with-mpfr=/builds/idf/crosstool-NG/.build/xtensa-lx106-elf/buildtools --with-mpc=/builds/idf/crosstool-NG/.build/xtensa-lx106-elf/buildtools --with-isl=/builds/idf/crosstool-NG/.build/xtensa-lx106-elf/buildtools --enable-lto --enable-target-optspace --without-long-double-128 --disable-nls --enable-multiarch --enable-languages=c c++ --disable-libstdcxx-verbose --enable-threads=posix --enable-libstdcxx-time=yes]
  ignore line: [Thread model: posix]
  ignore line: [gcc version 8.4.0 (crosstool-NG esp-2020r3-49-gd5524c1) ]
  ignore line: [COMPILER_PATH=/opt/esp/xtensa-lx106-elf/bin/../libexec/gcc/xtensa-lx106-elf/8.4.0/:/opt/esp/xtensa-lx106-elf/bin/../libexec/gcc/:/opt/esp/xtensa-lx106-elf/bin/../lib/gcc/xtensa-lx106-elf/8.4.0/../../../../xtensa-lx106-elf/bin/]
  ignore line: [LIBRARY_PATH=/opt/esp/xtensa-lx106-elf/bin/../lib/gcc/xtensa-lx106-elf/8.4.0/:/opt/esp/xtensa-lx106-elf/bin/../lib/gcc/:/opt/esp/xtensa-lx106-elf/bin/../lib/gcc/xtensa-lx106-elf/8.4.0/../../../../xtensa-lx106-elf/lib/]
  ignore line: [COLLECT_GCC_OPTIONS='-mlongcalls' '-Wno-frame-address' '-nostdlib' '-v' '-o' 'cmTC_2e7cd']
  link line: [ /opt/esp/xtensa-lx106-elf/bin/../libexec/gcc/xtensa-lx106-elf/8.4.0/collect2 -plugin /opt/esp/xtensa-lx106-elf/bin/../libexec/gcc/xtensa-lx106-elf/8.4.0/liblto_plugin.so -plugin-opt=/opt/esp/xtensa-lx106-elf/bin/../libexec/gcc/xtensa-lx106-elf/8.4.0/lto-wrapper -plugin-opt=-fresolution=/tmp/ccgouH6f.res -o cmTC_2e7cd -L/opt/esp/xtensa-lx106-elf/bin/../lib/gcc/xtensa-lx106-elf/8.4.0 -L/opt/esp/xtensa-lx106-elf/bin/../lib/gcc -L/opt/esp/xtensa-lx106-elf/bin/../lib/gcc/xtensa-lx106-elf/8.4.0/../../../../xtensa-lx106-elf/lib --gc-sections CMakeFiles/cmTC_2e7cd.dir/CMakeCCompilerABI.c.obj]
    arg [/opt/esp/xtensa-lx106-elf/bin/../libexec/gcc/xtensa-lx106-elf/8.4.0/collect2] ==> ignore
    arg [-plugin] ==> ignore
    arg [/opt/esp/xtensa-lx106-elf/bin/../libexec/gcc/xtensa-lx106-elf/8.4.0/liblto_plugin.so] ==> ignore
    arg [-plugin-opt=/opt/esp/xtensa-lx106-elf/bin/../libexec/gcc/xtensa-lx106-elf/8.4.0/lto-wrapper] ==> ignore
    arg [-plugin-opt=-fresolution=/tmp/ccgouH6f.res] ==> ignore
    arg [-o] ==> ignore
    arg [cmTC_2e7cd] ==> ignore
    arg [-L/opt/esp/xtensa-lx106-elf/bin/../lib/gcc/xtensa-lx106-elf/8.4.0] ==> dir [/opt/esp/xtensa-lx106-elf/bin/../lib/gcc/xtensa-lx106-elf/8.4.0]
    arg [-L/opt/esp/xtensa-lx106-elf/bin/../lib/gcc] ==> dir [/opt/esp/xtensa-lx106-elf/bin/../lib/gcc]
    arg [-L/opt/esp/xtensa-lx106-elf/bin/../lib/gcc/xtensa-lx106-elf/8.4.0/../../../../xtensa-lx106-elf/lib] ==> dir [/opt/esp/xtensa-lx106-elf/bin/../lib/gcc/xtensa-lx106-elf/8.4.0/../../../../xtensa-lx106-elf/lib]
    arg [--gc-sections] ==> ignore
    arg [CMakeFiles/cmTC_2e7cd.dir/CMakeCCompilerABI.c.obj] ==> ignore
  collapse library dir [/opt/esp/xtensa-lx106-elf/bin/../lib/gcc/xtensa-lx106-elf/8.4.0] ==> [/opt/esp/xtensa-lx106-elf/lib/gcc/xtensa-lx106-elf/8.4.0]
  collapse library dir [/opt/esp/xtensa-lx106-elf/bin/../lib/gcc] ==> [/opt/esp/xtensa-lx106-elf/lib/gcc]
  collapse library dir [/opt/esp/xtensa-lx106-elf/bin/../lib/gcc/xtensa-lx106-elf/8.4.0/../../../../xtensa-lx106-elf/lib] ==> [/opt/esp/xtensa-lx106-elf/xtensa-lx106-elf/lib]
  implicit libs: []
  implicit dirs: [/opt/esp/xtensa-lx106-elf/lib/gcc/xtensa-lx106-elf/8.4.0;/opt/esp/xtensa-lx106-elf/lib/gcc;/opt/esp/xtensa-lx106-elf/xtensa-lx106-elf/lib]
  implicit fwks: []


Determining if the CXX compiler works passed with the following output:
Change Dir: /home/diego/code/e-printed-exam/build/CMakeFiles/CMakeTmp

Run Build Command(s):/usr/bin/make cmTC_103b6/fast && /usr/bin/make -f CMakeFiles/cmTC_103b6.dir/build.make CMakeFiles/cmTC_103b6.dir/build
make[1]: Entering directory '/home/diego/code/e-printed-exam/build/CMakeFiles/CMakeTmp'
Building CXX object CMakeFiles/cmTC_103b6.dir/testCXXCompiler.cxx.obj
/opt/esp/xtensa-lx106-elf/bin/xtensa-lx106-elf-g++    -mlongcalls -Wno-frame-address    -o CMakeFiles/cmTC_103b6.dir/testCXXCompiler.cxx.obj -c /home/diego/code/e-printed-exam/build/CMakeFiles/CMakeTmp/testCXXCompiler.cxx
Linking CXX executable cmTC_103b6
/usr/bin/cmake -E cmake_link_script CMakeFiles/cmTC_103b6.dir/link.txt --verbose=1
/opt/esp/xtensa-lx106-elf/bin/xtensa-lx106-elf-g++  -mlongcalls -Wno-frame-address   -nostdlib -Wl,--gc-sections  CMakeFiles/cmTC_103b6.dir/testCXXCompiler.cxx.obj  -o cmTC_103b6 
/opt/esp/xtensa-lx106-elf/bin/../lib/gcc/xtensa-lx106-elf/8.4.0/../../../../xtensa-lx106-elf/bin/ld: warning: cannot find entry symbol _start; not setting start address
make[1]: Leaving directory '/home/diego/code/e-printed-exam/build/CMakeFiles/CMakeTmp'



Detecting CXX compiler ABI info compiled with the following output:
Change Dir: /home/diego/code/e-printed-exam/build/CMakeFiles/CMakeTmp

Run Build Command(s):/usr/bin/make cmTC_4c7a9/fast && /usr/bin/make -f CMakeFiles/cmTC_4c7a9.dir/build.make CMakeFiles/cmTC_4c7a9.dir/build
make[1]: Entering directory '/home/diego/code/e-printed-exam/build/CMakeFiles/CMakeTmp'
Building CXX object CMakeFiles/cmTC_4c7a9.dir/CMakeCXXCompilerABI.cpp.obj
/opt/esp/xtensa-lx106-elf/bin/xtensa-lx106-elf-g++    -mlongcalls -Wno-frame-address    -v -o CMakeFiles/cmTC_4c7a9.dir/CMakeCXXCompilerABI.cpp.obj -c /usr/share/cmake-3.16/Modules/CMakeCXXCompilerABI.cpp
Using built-in specs.
COLLECT_GCC=/opt/esp/xtensa-lx106-elf/bin/xtensa-lx106-elf-g++
Target: xtensa-lx106-elf
Configured with: /builds/idf/crosstool-NG/.build/xtensa-lx106-elf/src/gcc/configure --build=x86_64-build_pc-linux-gnu --host=x86_64-build_pc-linux-gnu --target=xtensa-lx106-elf --prefix=/builds/idf/crosstool-NG/builds/xtensa-lx106-elf --with-local-prefix=/builds/idf/crosstool-NG/builds/xtensa-lx106-elf/xtensa-lx106-elf --with-headers=/builds/idf/crosstool-NG/builds/xtensa-lx106-elf/xtensa-lx106-elf/include --with-newlib --enable-threads=no --disable-shared --with-pkgversion='crosstool-NG esp-2020r3-49-gd5524c1' --disable-__cxa_atexit --enable-cxx-flags=-ffunction-sections --disable-libgomp --disable-libmudflap --disable-libmpx --disable-libssp --disable-libquadmath --disable-libquadmath-support --with-gmp=/builds/idf/crosstool-NG/.build/xtensa-lx106-elf/buildtools --with-mpfr=/builds/idf/crosstool-NG/.build/xtensa-lx106-elf/buildtools --with-mpc=/builds/idf/crosstool-NG/.build/xtensa-lx106-elf/buildtools --with-isl=/builds/idf/crosstool-NG/.build/xtensa-lx106-elf/buildtools --enable-lto --enable-target-optspace --without-long-double-128 --disable-nls --enable-multiarch --enable-languages=c,c++ --disable-libstdcxx-verbose --enable-threads=posix --enable-libstdcxx-time=yes
Thread model: posix
gcc version 8.4.0 (crosstool-NG esp-2020r3-49-gd5524c1) 
COLLECT_GCC_OPTIONS='-mlongcalls' '-Wno-frame-address' '-v' '-o' 'CMakeFiles/cmTC_4c7a9.dir/CMakeCXXCompilerABI.cpp.obj' '-c'
 /opt/esp/xtensa-lx106-elf/bin/../libexec/gcc/xtensa-lx106-elf/8.4.0/cc1plus -quiet -v -iprefix /opt/esp/xtensa-lx106-elf/bin/../lib/gcc/xtensa-lx106-elf/8.4.0/ /usr/share/cmake-3.16/Modules/CMakeCXXCompilerABI.cpp -quiet -dumpbase CMakeCXXCompilerABI.cpp -mlongcalls -auxbase-strip CMakeFiles/cmTC_4c7a9.dir/CMakeCXXCompilerABI.cpp.obj -Wno-frame-address -version -o /tmp/ccoZ98CK.s
GNU C++14 (crosstool-NG esp-2020r3-49-gd5524c1) version 8.4.0 (xtensa-lx106-elf)
	compiled by GNU C version 4.9.2, GMP version 6.1.2, MPFR version 4.0.1, MPC version 1.1.0, isl version isl-0.19-GMP

GGC heuristics: --param ggc-min-expand=100 --param ggc-min-heapsize=131072
ignoring duplicate directory "/opt/esp/xtensa-lx106-elf/bin/../lib/gcc/../../lib/gcc/xtensa-lx106-elf/8.4.0/../../../../xtensa-lx106-elf/include/c++/8.4.0"
ignoring duplicate directory "/opt/esp/xtensa-lx106-elf/bin/../lib/gcc/../../lib/gcc/xtensa-lx106-elf/8.4.0/../../../../xtensa-lx106-elf/include/c++/8.4.0/xtensa-lx106-elf"
ignoring duplicate directory "/opt/esp/xtensa-lx106-elf/bin/../lib/gcc/../../lib/gcc/xtensa-lx106-elf/8.4.0/../../../../xtensa-lx106-elf/include/c++/8.4.0/backward"
ignoring duplicate directory "/opt/esp/xtensa-lx106-elf/bin/../lib/gcc/../../lib/gcc/xtensa-lx106-elf/8.4.0/include"
ignoring duplicate directory "/opt/esp/xtensa-lx106-elf/bin/../lib/gcc/../../lib/gcc/xtensa-lx106-elf/8.4.0/include-fixed"
ignoring duplicate directory "/opt/esp/xtensa-lx106-elf/bin/../lib/gcc/../../lib/gcc/xtensa-lx106-elf/8.4.0/../../../../xtensa-lx106-elf/sys-include"
ignoring duplicate directory "/opt/esp/xtensa-lx106-elf/bin/../lib/gcc/../../lib/gcc/xtensa-lx106-elf/8.4.0/../../../../xtensa-lx106-elf/include"
#include "..." search starts here:
#include <...> search starts here:
 /opt/esp/xtensa-lx106-elf/bin/../lib/gcc/xtensa-lx106-elf/8.4.0/../../../../xtensa-lx106-elf/include/c++/8.4.0
 /opt/esp/xtensa-lx106-elf/bin/../lib/gcc/xtensa-lx106-elf/8.4.0/../../../../xtensa-lx106-elf/include/c++/8.4.0/xtensa-lx106-elf
 /opt/esp/xtensa-lx106-elf/bin/../lib/gcc/xtensa-lx106-elf/8.4.0/../../../../xtensa-lx106-elf/include/c++/8.4.0/backward
 /opt/esp/xtensa-lx106-elf/bin/../lib/gcc/xtensa-lx106-elf/8.4.0/include
 /opt/esp/xtensa-lx106-elf/bin/../lib/gcc/xtensa-lx106-elf/8.4.0/include-fixed
 /opt/esp/xtensa-lx106-elf/bin/../lib/gcc/xtensa-lx106-elf/8.4.0/../../../../xtensa-lx106-elf/sys-include
 /opt/esp/xtensa-lx106-elf/bin/../lib/gcc/xtensa-lx106-elf/8.4.0/../../../../xtensa-lx106-elf/include
End of search list.
GNU C++14 (crosstool-NG esp-2020r3-49-gd5524c1) version 8.4.0 (xtensa-lx106-elf)
	compiled by GNU C version 4.9.2, GMP version 6.1.2, MPFR version 4.0.1, MPC version 1.1.0, isl version isl-0.19-GMP

GGC heuristics: --param ggc-min-expand=100 --param ggc-min-heapsize=131072
Compiler executable checksum: 6a42b2f4729ac0ea49ccdcd6bf20e2e4
COLLECT_GCC_OPTIONS='-mlongcalls' '-Wno-frame-address' '-v' '-o' 'CMakeFiles/cmTC_4c7a9.dir/CMakeCXXCompilerABI.cpp.obj' '-c'
 /opt/esp/xtensa-lx106-elf/bin/../lib/gcc/xtensa-lx106-elf/8.4.0/../../../../xtensa-lx106-elf/bin/as --traditional-format --longcalls -o CMakeFiles/cmTC_4c7a9.dir/CMakeCXXCompilerABI.cpp.obj /tmp/ccoZ98CK.s
COMPILER_PATH=/opt/esp/xtensa-lx106-elf/bin/../libexec/gcc/xtensa-lx106-elf/8.4.0/:/opt/esp/xtensa-lx106-elf/bin/../libexec/gcc/:/opt/esp/xtensa-lx106-elf/bin/../lib/gcc/xtensa-lx106-elf/8.4.0/../../../../xtensa-lx106-elf/bin/
LIBRARY_PATH=/opt/esp/xtensa-lx106-elf/bin/../lib/gcc/xtensa-lx106-elf/8.4.0/:/opt/esp/xtensa-lx106-elf/bin/../lib/gcc/:/opt/esp/xtensa-lx106-elf/bin/../lib/gcc/xtensa-lx106-elf/8.4.0/../../../../xtensa-lx106-elf/lib/
COLLECT_GCC_OPTIONS='-mlongcalls' '-Wno-frame-address' '-v' '-o' 'CMakeFiles/cmTC_4c7a9.dir/CMakeCXXCompilerABI.cpp.obj' '-c'
Linking CXX executable cmTC_4c7a9
/usr/bin/cmake -E cmake_link_script CMakeFiles/cmTC_4c7a9.dir/link.txt --verbose=1
/opt/esp/xtensa-lx106-elf/bin/xtensa-lx106-elf-g++  -mlongcalls -Wno-frame-address   -nostdlib -Wl,--gc-sections -v CMakeFiles/cmTC_4c7a9.dir/CMakeCXXCompilerABI.cpp.obj  -o cmTC_4c7a9 
Using built-in specs.
COLLECT_GCC=/opt/esp/xtensa-lx106-elf/bin/xtensa-lx106-elf-g++
COLLECT_LTO_WRAPPER=/opt/esp/xtensa-lx106-elf/bin/../libexec/gcc/xtensa-lx106-elf/8.4.0/lto-wrapper
Target: xtensa-lx106-elf
Configured with: /builds/idf/crosstool-NG/.build/xtensa-lx106-elf/src/gcc/configure --build=x86_64-build_pc-linux-gnu --host=x86_64-build_pc-linux-gnu --target=xtensa-lx106-elf --prefix=/builds/idf/crosstool-NG/builds/xtensa-lx106-elf --with-local-prefix=/builds/idf/crosstool-NG/builds/xtensa-lx106-elf/xtensa-lx106-elf --with-headers=/builds/idf/crosstool-NG/builds/xtensa-lx106-elf/xtensa-lx106-elf/include --with-newlib --enable-threads=no --disable-shared --with-pkgversion='crosstool-NG esp-2020r3-49-gd5524c1' --disable-__cxa_atexit --enable-cxx-flags=-ffunction-sections --disable-libgomp --disable-libmudflap --disable-libmpx --disable-libssp --disable-libquadmath --disable-libquadmath-support --with-gmp=/builds/idf/crosstool-NG/.build/xtensa-lx106-elf/buildtools --with-mpfr=/builds/idf/crosstool-NG/.build/xtensa-lx106-elf/buildtools --with-mpc=/builds/idf/crosstool-NG/.build/xtensa-lx106-elf/buildtools --with-isl=/builds/idf/crosstool-NG/.build/xtensa-lx106-elf/buildtools --enable-lto --enable-target-optspace --without-long-double-128 --disable-nls --enable-multiarch --enable-languages=c,c++ --disable-libstdcxx-verbose --enable-threads=posix --enable-libstdcxx-time=yes
Thread model: posix
gcc version 8.4.0 (crosstool-NG esp-2020r3-49-gd5524c1) 
COMPILER_PATH=/opt/esp/xtensa-lx106-elf/bin/../libexec/gcc/xtensa-lx106-elf/8.4.0/:/opt/esp/xtensa-lx106-elf/bin/../libexec/gcc/:/opt/esp/xtensa-lx106-elf/bin/../lib/gcc/xtensa-lx106-elf/8.4.0/../../../../xtensa-lx106-elf/bin/
LIBRARY_PATH=/opt/esp/xtensa-lx106-elf/bin/../lib/gcc/xtensa-lx106-elf/8.4.0/:/opt/esp/xtensa-lx106-elf/bin/../lib/gcc/:/opt/esp/xtensa-lx106-elf/bin/../lib/gcc/xtensa-lx106-elf/8.4.0/../../../../xtensa-lx106-elf/lib/
COLLECT_GCC_OPTIONS='-mlongcalls' '-Wno-frame-address' '-nostdlib' '-v' '-o' 'cmTC_4c7a9'
 /opt/esp/xtensa-lx106-elf/bin/../libexec/gcc/xtensa-lx106-elf/8.4.0/collect2 -plugin /opt/esp/xtensa-lx106-elf/bin/../libexec/gcc/xtensa-lx106-elf/8.4.0/liblto_plugin.so -plugin-opt=/opt/esp/xtensa-lx106-elf/bin/../libexec/gcc/xtensa-lx106-elf/8.4.0/lto-wrapper -plugin-opt=-fresolution=/tmp/cchqagXb.res -o cmTC_4c7a9 -L/opt/esp/xtensa-lx106-elf/bin/../lib/gcc/xtensa-lx106-elf/8.4.0 -L/opt/esp/xtensa-lx106-elf/bin/../lib/gcc -L/opt/esp/xtensa-lx106-elf/bin/../lib/gcc/xtensa-lx106-elf/8.4.0/../../../../xtensa-lx106-elf/lib --gc-sections CMakeFiles/cmTC_4c7a9.dir/CMakeCXXCompilerABI.cpp.obj
/opt/esp/xtensa-lx106-elf/bin/../lib/gcc/xtensa-lx106-elf/8.4.0/../../../../xtensa-lx106-elf/bin/ld: warning: cannot find entry symbol _start; not setting start address
COLLECT_GCC_OPTIONS='-mlongcalls' '-Wno-frame-address' '-nostdlib' '-v' '-o' 'cmTC_4c7a9'
make[1]: Leaving directory '/home/diego/code/e-printed-exam/build/CMakeFiles/CMakeTmp'



Parsed CXX implicit include dir info from above output: rv=done
  found start of include info
  found start of implicit include info
    add: [/opt/esp/xtensa-lx106-elf/bin/../lib/gcc/xtensa-lx106-elf/8.4.0/../../../../xtensa-lx106-elf/include/c++/8.4.0]
    add: [/opt/esp/xtensa-lx106-elf/bin/../lib/gcc/xtensa-lx106-elf/8.4.0/../../../../xtensa-lx106-elf/include/c++/8.4.0/xtensa-lx106-elf]
    add: [/opt/esp/xtensa-lx106-elf/bin/../lib/gcc/xtensa-lx106-elf/8.4.0/../../../../xtensa-lx106-elf/include/c++/8.4.0/backward]
    add: [/opt/esp/xtensa-lx106-elf/bin/../lib/gcc/xtensa-lx106-elf/8.4.0/include]
    add: [/opt/esp/xtensa-lx106-elf/bin/../lib/gcc/xtensa-lx106-elf/8.4.0/include-fixed]
    add: [/opt/esp/xtensa-lx106-elf/bin/../lib/gcc/xtensa-lx106-elf/8.4.0/../../../../xtensa-lx106-elf/sys-include]
    add: [/opt/esp/xtensa-lx106-elf/bin/../lib/gcc/xtensa-lx106-elf/8.4.0/../../../../xtensa-lx106-elf/include]
  end of search list found
  collapse include dir [/opt/esp/xtensa-lx106-elf/bin/../lib/gcc/xtensa-lx106-elf/8.4.0/../../../../xtensa-lx106-elf/include/c++/8.4.0] ==> [/opt/esp/xtensa-lx106-elf/xtensa-lx106-elf/include/c++/8.4.0]
  collapse include dir [/opt/esp/xtensa-lx106-elf/bin/../lib/gcc/xtensa-lx106-elf/8.4.0/../../../../xtensa-lx106-elf/include/c++/8.4.0/xtensa-lx106-elf] ==> [/opt/esp/xtensa-lx106-elf/xtensa-lx106-elf/include/c++/8.4.0/xtensa-lx106-elf]
  collapse include dir [/opt/esp/xtensa-lx106-elf/bin/../lib/gcc/xtensa-lx106-elf/8.4.0/../../../../xtensa-lx106-elf/include/c++/8.4.0/backward] ==> [/opt/esp/xtensa-lx106-elf/xtensa-lx106-elf/include/c++/8.4.0/backward]
  collapse include dir [/opt/esp/xtensa-lx106-elf/bin/../lib/gcc/xtensa-lx106-elf/8.4.0/include] ==> [/opt/esp/xtensa-lx106-elf/lib/gcc/xtensa-lx106-elf/8.4.0/include]
  collapse include dir [/opt/esp/xtensa-lx106-elf/bin/../lib/gcc/xtensa-lx106-elf/8.4.0/include-fixed] ==> [/opt/esp/xtensa-lx106-elf/lib/gcc/xtensa-lx106-elf/8.4.0/include-fixed]
  collapse include dir [/opt/esp/xtensa-lx106-elf/bin/../lib/gcc/xtensa-lx106-elf/8.4.0/../../../../xtensa-lx106-elf/sys-include] ==> [/opt/esp/xtensa-lx106-elf/xtensa-lx106-elf/sys-include]
  collapse include dir [/opt/esp/xtensa-lx106-elf/bin/../lib/gcc/xtensa-lx106-elf/8.4.0/../../../../xtensa-lx106-elf/include] ==> [/opt/esp/xtensa-lx106-elf/xtensa-lx106-elf/include]
  implicit include dirs: [/opt/esp/xtensa-lx106-elf/xtensa-lx106-elf/include/c++/8.4.0;/opt/esp/xtensa-lx106-elf/xtensa-lx106-elf/include/c++/8.4.0/xtensa-lx106-elf;/opt/esp/xtensa-lx106-elf/xtensa-lx106-elf/include/c++/8.4.0/backward;/opt/esp/xtensa-lx106-elf/lib/gcc/xtensa-lx106-elf/8.4.0/include;/opt/esp/xtensa-lx106-elf/lib/gcc/xtensa-lx106-elf/8.4.0/include-fixed;/opt/esp/xtensa-lx106-elf/xtensa-lx106-elf/sys-include;/opt/esp/xtensa-lx106-elf/xtensa-lx106-elf/include]


Parsed CXX implicit link information from above output:
  link line regex: [^( *|.*[/\])(xtensa-lx106-elf-ld|CMAKE_LINK_STARTFILE-NOTFOUND|([^/\]+-)?ld|collect2)[^/\]*( |$)]
  ignore line: [Change Dir: /home/diego/code/e-printed-exam/build/CMakeFiles/CMakeTmp]
  ignore line: []
  ignore line: [Run Build Command(s):/usr/bin/make cmTC_4c7a9/fast && /usr/bin/make -f CMakeFiles/cmTC_4c7a9.dir/build.make CMakeFiles/cmTC_4c7a9.dir/build]
  ignore line: [make[1]: Entering directory '/home/diego/code/e-printed-exam/build/CMakeFiles/CMakeTmp']
  ignore line: [Building CXX object CMakeFiles/cmTC_4c7a9.dir/CMakeCXXCompilerABI.cpp.obj]
  ignore line: [/opt/esp/xtensa-lx106-elf/bin/xtensa-lx106-elf-g++    -mlongcalls -Wno-frame-address    -v -o CMakeFiles/cmTC_4c7a9.dir/CMakeCXXCompilerABI.cpp.obj -c /usr/share/cmake-3.16/Modules/CMakeCXXCompilerABI.cpp]
  ignore line: [Using built-in specs.]
  ignore line: [COLLECT_GCC=/opt/esp/xtensa-lx106-elf/bin/xtensa-lx106-elf-g++]
  ignore line: [Target: xtensa-lx106-elf]
  ignore line: [Configured with: /builds/idf/crosstool-NG/.build/xtensa-lx106-elf/src/gcc/configure --build=x86_64-build_pc-linux-gnu --host=x86_64-build_pc-linux-gnu --target=xtensa-lx106-elf --prefix=/builds/idf/crosstool-NG/builds/xtensa-lx106-elf --with-local-prefix=/builds/idf/crosstool-NG/builds/xtensa-lx106-elf/xtensa-lx106-elf --with-headers=/builds/idf/crosstool-NG/builds/xtensa-lx106-elf/xtensa-lx106-elf/include --with-newlib --enable-threads=no --disable-shared --with-pkgversion='crosstool-NG esp-2020r3-49-gd5524c1' --disable-__cxa_atexit --enable-cxx-flags=-ffunction-sections --disable-libgomp --disable-libmudflap --disable-libmpx --disable-libssp --disable-libquadmath --disable-libquadmath-support --with-gmp=/builds/idf/crosstool-NG/.build/xtensa-lx106-elf/buildtools --with-mpfr=/builds/idf/crosstool-NG/.build/xtensa-lx106-elf/buildtools --with-mpc=/builds/idf/crosstool-NG/.build/xtensa-lx106-elf/buildtools --with-isl=/builds/idf/crosstool-NG/.build/xtensa-lx106-elf/buildtools --enable-lto --enable-target-optspace --without-long-double-128 --disable-nls --enable-multiarch --enable-languages=c c++ --disable-libstdcxx-verbose --enable-threads=posix --enable-libstdcxx-time=yes]
  ignore line: [Thread model: posix]
  ignore line: [gcc version 8.4.0 (crosstool-NG esp-2020r3-49-gd5524c1) ]
  ignore line: [COLLECT_GCC_OPTIONS='-mlongcalls' '-Wno-frame-address' '-v' '-o' 'CMakeFiles/cmTC_4c7a9.dir/CMakeCXXCompilerABI.cpp.obj' '-c']
  ignore line: [ /opt/esp/xtensa-lx106-elf/bin/../libexec/gcc/xtensa-lx106-elf/8.4.0/cc1plus -quiet -v -iprefix /opt/esp/xtensa-lx106-elf/bin/../lib/gcc/xtensa-lx106-elf/8.4.0/ /usr/share/cmake-3.16/Modules/CMakeCXXCompilerABI.cpp -quiet -dumpbase CMakeCXXCompilerABI.cpp -mlongcalls -auxbase-strip CMakeFiles/cmTC_4c7a9.dir/CMakeCXXCompilerABI.cpp.obj -Wno-frame-address -version -o /tmp/ccoZ98CK.s]
  ignore line: [GNU C++14 (crosstool-NG esp-2020r3-49-gd5524c1) version 8.4.0 (xtensa-lx106-elf)]
  ignore line: [	compiled by GNU C version 4.9.2  GMP version 6.1.2  MPFR version 4.0.1  MPC version 1.1.0  isl version isl-0.19-GMP]
  ignore line: []
  ignore line: [GGC heuristics: --param ggc-min-expand=100 --param ggc-min-heapsize=131072]
  ignore line: [ignoring duplicate directory "/opt/esp/xtensa-lx106-elf/bin/../lib/gcc/../../lib/gcc/xtensa-lx106-elf/8.4.0/../../../../xtensa-lx106-elf/include/c++/8.4.0"]
  ignore line: [ignoring duplicate directory "/opt/esp/xtensa-lx106-elf/bin/../lib/gcc/../../lib/gcc/xtensa-lx106-elf/8.4.0/../../../../xtensa-lx106-elf/include/c++/8.4.0/xtensa-lx106-elf"]
  ignore line: [ignoring duplicate directory "/opt/esp/xtensa-lx106-elf/bin/../lib/gcc/../../lib/gcc/xtensa-lx106-elf/8.4.0/../../../../xtensa-lx106-elf/include/c++/8.4.0/backward"]
  ignore line: [ignoring duplicate directory "/opt/esp/xtensa-lx106-elf/bin/../lib/gcc/../../lib/gcc/xtensa-lx106-elf/8.4.0/include"]
  ignore line: [ignoring duplicate directory "/opt/esp/xtensa-lx106-elf/bin/../lib/gcc/../../lib/gcc/xtensa-lx106-elf/8.4.0/include-fixed"]
  ignore line: [ignoring duplicate directory "/opt/esp/xtensa-lx106-elf/bin/../lib/gcc/../../lib/gcc/xtensa-lx106-elf/8.4.0/../../../../xtensa-lx106-elf/sys-include"]
  ignore line: [ignoring duplicate directory "/opt/esp/xtensa-lx106-elf/bin/../lib/gcc/../../lib/gcc/xtensa-lx106-elf/8.4.0/../../../../xtensa-lx106-elf/include"]
  ignore line: [#include "..." search starts here:]
  ignore line: [#include <...> search starts here:]
  ignore line: [ /opt/esp/xtensa-lx106-elf/bin/../lib/gcc/xtensa-lx106-elf/8.4.0/../../../../xtensa-lx106-elf/include/c++/8.4.0]
  ignore line: [ /opt/esp/xtensa-lx106-elf/bin/../lib/gcc/xtensa-lx106-elf/8.4.0/../../../../xtensa-lx106-elf/include/c++/8.4.0/xtensa-lx106-elf]
  ignore line: [ /opt/esp/xtensa-lx106-elf/bin/../lib/gcc/xtensa-lx106-elf/8.4.0/../../../../xtensa-lx106-elf/include/c++/8.4.0/backward]
  ignore line: [ /opt/esp/xtensa-lx106-elf/bin/../lib/gcc/xtensa-lx106-elf/8.4.0/include]
  ignore line: [ /opt/esp/xtensa-lx106-elf/bin/../lib/gcc/xtensa-lx106-elf/8.4.0/include-fixed]
  ignore line: [ /opt/esp/xtensa-lx106-elf/bin/../lib/gcc/xtensa-lx106-elf/8.4.0/../../../../xtensa-lx106-elf/sys-include]
  ignore line: [ /opt/esp/xtensa-lx106-elf/bin/../lib/gcc/xtensa-lx106-elf/8.4.0/../../../../xtensa-lx106-elf/include]
  ignore line: [End of search list.]
  ignore line: [GNU C++14 (crosstool-NG esp-2020r3-49-gd5524c1) version 8.4.0 (xtensa-lx106-elf)]
  ignore line: [	compiled by GNU C version 4.9.2  GMP version 6.1.2  MPFR version 4.0.1  MPC version 1.1.0  isl version isl-0.19-GMP]
  ignore line: []
  ignore line: [GGC heuristics: --param ggc-min-expand=100 --param ggc-min-heapsize=131072]
  ignore line: [Compiler executable checksum: 6a42b2f4729ac0ea49ccdcd6bf20e2e4]
  ignore line: [COLLECT_GCC_OPTIONS='-mlongcalls' '-Wno-frame-address' '-v' '-o' 'CMakeFiles/cmTC_4c7a9.dir/CMakeCXXCompilerABI.cpp.obj' '-c']
  ignore line: [ /opt/esp/xtensa-lx106-elf/bin/../lib/gcc/xtensa-lx106-elf/8.4.0/../../../../xtensa-lx106-elf/bin/as --traditional-format --longcalls -o CMakeFiles/cmTC_4c7a9.dir/CMakeCXXCompilerABI.cpp.obj /tmp/ccoZ98CK.s]
  ignore line: [COMPILER_PATH=/opt/esp/xtensa-lx106-elf/bin/../libexec/gcc/xtensa-lx106-elf/8.4.0/:/opt/esp/xtensa-lx106-elf/bin/../libexec/gcc/:/opt/esp/xtensa-lx106-elf/bin/../lib/gcc/xtensa-lx106-elf/8.4.0/../../../../xtensa-lx106-elf/bin/]
  ignore line: [LIBRARY_PATH=/opt/esp/xtensa-lx106-elf/bin/../lib/gcc/xtensa-lx106-elf/8.4.0/:/opt/esp/xtensa-lx106-elf/bin/../lib/gcc/:/opt/esp/xtensa-lx106-elf/bin/../lib/gcc/xtensa-lx106-elf/8.4.0/../../../../xtensa-lx106-elf/lib/]
  ignore line: [COLLECT_GCC_OPTIONS='-mlongcalls' '-Wno-frame-address' '-v' '-o' 'CMakeFiles/cmTC_4c7a9.dir/CMakeCXXCompilerABI.cpp.obj' '-c']
  ignore line: [Linking CXX executable cmTC_4c7a9]
  ignore line: [/usr/bin/cmake -E cmake_link_script CMakeFiles/cmTC_4c7a9.dir/link.txt --verbose=1]
  ignore line: [/opt/esp/xtensa-lx106-elf/bin/xtensa-lx106-elf-g++  -mlongcalls -Wno-frame-address   -nostdlib -Wl --gc-sections -v CMakeFiles/cmTC_4c7a9.dir/CMakeCXXCompilerABI.cpp.obj  -o cmTC_4c7a9 ]
  ignore line: [Using built-in specs.]
  ignore line: [COLLECT_GCC=/opt/esp/xtensa-lx106-elf/bin/xtensa-lx106-elf-g++]
  ignore line: [COLLECT_LTO_WRAPPER=/opt/esp/xtensa-lx106-elf/bin/../libexec/gcc/xtensa-lx106-elf/8.4.0/lto-wrapper]
  ignore line: [Target: xtensa-lx106-elf]
  ignore line: [Configured with: /builds/idf/crosstool-NG/.build/xtensa-lx106-elf/src/gcc/configure --build=x86_64-build_pc-linux-gnu --host=x86_64-build_pc-linux-gnu --target=xtensa-lx106-elf --prefix=/builds/idf/crosstool-NG/builds/xtensa-lx106-elf --with-local-prefix=/builds/idf/crosstool-NG/builds/xtensa-lx106-elf/xtensa-lx106-elf --with-headers=/builds/idf/crosstool-NG/builds/xtensa-lx106-elf/xtensa-lx106-elf/include --with-newlib --enable-threads=no --disable-shared --with-pkgversion='crosstool-NG esp-2020r3-49-gd5524c1' --disable-__cxa_atexit --enable-cxx-flags=-ffunction-sections --disable-libgomp --disable-libmudflap --disable-libmpx --disable-libssp --disable-libquadmath --disable-libquadmath-support --with-gmp=/builds/idf/crosstool-NG/.build/xtensa-lx106-elf/buildtools --with-mpfr=/builds/idf/crosstool-NG/.build/xtensa-lx106-elf/buildtools --with-mpc=/builds/idf/crosstool-NG/.build/xtensa-lx106-elf/buildtools --with-isl=/builds/idf/crosstool-NG/.build/xtensa-lx106-elf/buildtools --enable-lto --enable-target-optspace --without-long-double-128 --disable-nls --enable-multiarch --enable-languages=c c++ --disable-libstdcxx-verbose --enable-threads=posix --enable-libstdcxx-time=yes]
  ignore line: [Thread model: posix]
  ignore line: [gcc version 8.4.0 (crosstool-NG esp-2020r3-49-gd5524c1) ]
  ignore line: [COMPILER_PATH=/opt/esp/xtensa-lx106-elf/bin/../libexec/gcc/xtensa-lx106-elf/8.4.0/:/opt/esp/xtensa-lx106-elf/bin/../libexec/gcc/:/opt/esp/xtensa-lx106-elf/bin/../lib/gcc/xtensa-lx106-elf/8.4.0/../../../../xtensa-lx106-elf/bin/]
  ignore line: [LIBRARY_PATH=/opt/esp/xtensa-lx106-elf/bin/../lib/gcc/xtensa-lx106-elf/8.4.0/:/opt/esp/xtensa-lx106-elf/bin/../lib/gcc/:/opt/esp/xtensa-lx106-elf/bin/../lib/gcc/xtensa-lx106-elf/8.4.0/../../../../xtensa-lx106-elf/lib/]
  ignore line: [COLLECT_GCC_OPTIONS='-mlongcalls' '-Wno-frame-address' '-nostdlib' '-v' '-o' 'cmTC_4c7a9']
  link line: [ /opt/esp/xtensa-lx106-elf/bin/../libexec/gcc/xtensa-lx106-elf/8.4.0/collect2 -plugin /opt/esp/xtensa-lx106-elf/bin/../libexec/gcc/xtensa-lx106-elf/8.4.0/liblto_plugin.so -plugin-opt=/opt/esp/xtensa-lx106-elf/bin/../libexec/gcc/xtensa-lx106-elf/8.4.0/lto-wrapper -plugin-opt=-fresolution=/tmp/cchqagXb.res -o cmTC_4c7a9 -L/opt/esp/xtensa-lx106-elf/bin/../lib/gcc/xtensa-lx106-elf/8.4.0 -L/opt/esp/xtensa-lx106-elf/bin/../lib/gcc -L/opt/esp/xtensa-lx106-elf/bin/../lib/gcc/xtensa-lx106-elf/8.4.0/../../../../xtensa-lx106-elf/lib --gc-sections CMakeFiles/cmTC_4c7a9.dir/CMakeCXXCompilerABI.cpp.obj]
    arg [/opt/esp/xtensa-lx106-elf/bin/../libexec/gcc/xtensa-lx106-elf/8.4.0/collect2] ==> ignore
    arg [-plugin] ==> ignore
    arg [/opt/esp/xtensa-lx106-elf/bin/../libexec/gcc/xtensa-lx106-elf/8.4.0/liblto_plugin.so] ==> ignore
    arg [-plugin-opt=/opt/esp/xtensa-lx106-elf/bin/../libexec/gcc/xtensa-lx106-elf/8.4.0/lto-wrapper] ==> ignore
    arg [-plugin-opt=-fresolution=/tmp/cchqagXb.res] ==> ignore
    arg [-o] ==> ignore
    arg [cmTC_4c7a9] ==> ignore
    arg [-L/opt/esp/xtensa-lx106-elf/bin/../lib/gcc/xtensa-lx106-elf/8.4.0] ==> dir [/opt/esp/xtensa-lx106-elf/bin/../lib/gcc/xtensa-lx106-elf/8.4.0]
    arg [-L/opt/esp/xtensa-lx106-elf/bin/../lib/gcc] ==> dir [/opt/esp/xtensa-lx106-elf/bin/../lib/gcc]
    arg [-L/opt/esp/xtensa-lx106-elf/bin/../lib/gcc/xtensa-lx106-elf/8.4.0/../../../../xtensa-lx106-elf/lib] ==> dir [/opt/esp/xtensa-lx106-elf/bin/../lib/gcc/xtensa-lx106-elf/8.4.0/../../../../xtensa-lx106-elf/lib]
    arg [--gc-sections] ==> ignore
    arg [CMakeFiles/cmTC_4c7a9.dir/CMakeCXXCompilerABI.cpp.obj] ==> ignore
  collapse library dir [/opt/esp/xtensa-lx106-elf/bin/../lib/gcc/xtensa-lx106-elf/8.4.0] ==> [/opt/esp/xtensa-lx106-elf/lib/gcc/xtensa-lx106-elf/8.4.0]
  collapse library dir [/opt/esp/xtensa-lx106-elf/bin/../lib/gcc] ==> [/opt/esp/xtensa-lx106-elf/lib/gcc]
  collapse library dir [/opt/esp/xtensa-lx106-elf/bin/../lib/gcc/xtensa-lx106-elf/8.4.0/../../../../xtensa-lx106-elf/lib] ==> [/opt/esp/xtensa-lx106-elf/xtensa-lx106-elf/lib]
  implicit libs: []
  implicit dirs: [/opt/esp/xtensa-lx106-elf/lib/gcc/xtensa-lx106-elf/8.4.0;/opt/esp/xtensa-lx106-elf/lib/gcc;/opt/esp/xtensa-lx106-elf/xtensa-lx106-elf/lib]
  implicit fwks: []


